11:42:46.455 [main] INFO  c.b.a.BrowserStackPropertyTester - Testing : isBrowserStackEnabled
11:42:46.455 [main] INFO  c.b.BrowserStackPluginActivator - Prefs Keys []
11:42:46.457 [main] INFO  c.b.a.BrowserStackPropertyTester - Validation Result isBrowserStackEnabled : true P/tvsconnect-bangladesh
11:42:46.458 [main] INFO  c.b.a.BrowserStackPropertyTester - Testing : isBrowserStackDisabled
11:42:46.458 [main] INFO  c.b.BrowserStackPluginActivator - Prefs Keys []
11:42:46.461 [main] INFO  c.b.a.BrowserStackPropertyTester - Validation Result isBrowserStackDisabled : false P/tvsconnect-bangladesh
11:49:46.273 [main] INFO  c.b.a.BrowserStackPropertyTester - Testing : isBrowserStackEnabled
11:49:46.273 [main] INFO  c.b.BrowserStackPluginActivator - Prefs Keys []
11:49:46.275 [main] INFO  c.b.a.BrowserStackPropertyTester - Validation Result isBrowserStackEnabled : true P/tvsconnect-bangladesh
11:49:46.277 [main] INFO  c.b.a.BrowserStackPropertyTester - Testing : isBrowserStackDisabled
11:49:46.277 [main] INFO  c.b.BrowserStackPluginActivator - Prefs Keys []
11:49:46.279 [main] INFO  c.b.a.BrowserStackPropertyTester - Validation Result isBrowserStackDisabled : false P/tvsconnect-bangladesh
11:58:26.163 [main] INFO  c.b.a.BrowserStackPropertyTester - Testing : isBrowserStackEnabled
11:58:26.164 [main] INFO  c.b.BrowserStackPluginActivator - Prefs Keys []
11:58:26.166 [main] INFO  c.b.a.BrowserStackPropertyTester - Validation Result isBrowserStackEnabled : true P/tvsconnect-bangladesh
11:58:26.167 [main] INFO  c.b.a.BrowserStackPropertyTester - Testing : isBrowserStackDisabled
11:58:26.168 [main] INFO  c.b.BrowserStackPluginActivator - Prefs Keys []
11:58:26.170 [main] INFO  c.b.a.BrowserStackPropertyTester - Validation Result isBrowserStackDisabled : false P/tvsconnect-bangladesh
11:59:16.880 [Framework stop - Equinox Container: 79a080e2-13e9-420a-9d36-fb554a0f4607] INFO  c.b.BrowserStackPluginActivator - Stopping BrowserStack Plugin...
12:26:59.164 [main] INFO  c.b.a.BrowserStackPropertyTester - Testing : isBrowserStackEnabled
12:26:59.164 [main] INFO  c.b.BrowserStackPluginActivator - Prefs Keys []
12:26:59.167 [main] INFO  c.b.a.BrowserStackPropertyTester - Validation Result isBrowserStackEnabled : true P/tvsconnect-bangladesh
12:26:59.168 [main] INFO  c.b.a.BrowserStackPropertyTester - Testing : isBrowserStackDisabled
12:26:59.168 [main] INFO  c.b.BrowserStackPluginActivator - Prefs Keys []
12:26:59.170 [main] INFO  c.b.a.BrowserStackPropertyTester - Validation Result isBrowserStackDisabled : false P/tvsconnect-bangladesh
12:28:13.503 [main] INFO  c.b.a.BrowserStackPropertyTester - Testing : isBrowserStackEnabled
12:28:13.504 [main] INFO  c.b.BrowserStackPluginActivator - Prefs Keys []
12:28:13.506 [main] INFO  c.b.a.BrowserStackPropertyTester - Validation Result isBrowserStackEnabled : true P/tvsconnect-bangladesh
12:28:13.507 [main] INFO  c.b.a.BrowserStackPropertyTester - Testing : isBrowserStackDisabled
12:28:13.508 [main] INFO  c.b.BrowserStackPluginActivator - Prefs Keys []
12:28:13.510 [main] INFO  c.b.a.BrowserStackPropertyTester - Validation Result isBrowserStackDisabled : false P/tvsconnect-bangladesh
12:28:49.163 [main] INFO  c.b.a.BrowserStackPropertyTester - Testing : isBrowserStackEnabled
12:28:49.163 [main] INFO  c.b.BrowserStackPluginActivator - Prefs Keys []
12:28:49.166 [main] INFO  c.b.a.BrowserStackPropertyTester - Validation Result isBrowserStackEnabled : true P/tvsconnect-bangladesh
12:28:49.167 [main] INFO  c.b.a.BrowserStackPropertyTester - Testing : isBrowserStackDisabled
12:28:49.167 [main] INFO  c.b.BrowserStackPluginActivator - Prefs Keys []
12:28:49.169 [main] INFO  c.b.a.BrowserStackPropertyTester - Validation Result isBrowserStackDisabled : false P/tvsconnect-bangladesh
12:29:00.862 [main] INFO  c.b.a.BrowserStackPropertyTester - Testing : isBrowserStackEnabled
12:29:00.864 [main] INFO  c.b.BrowserStackPluginActivator - Prefs Keys []
12:29:00.867 [main] INFO  c.b.a.BrowserStackPropertyTester - Validation Result isBrowserStackEnabled : true P/tvsconnect-bangladesh
12:29:00.869 [main] INFO  c.b.a.BrowserStackPropertyTester - Testing : isBrowserStackDisabled
12:29:00.869 [main] INFO  c.b.BrowserStackPluginActivator - Prefs Keys []
12:29:00.871 [main] INFO  c.b.a.BrowserStackPropertyTester - Validation Result isBrowserStackDisabled : false P/tvsconnect-bangladesh
12:30:16.266 [main] INFO  c.b.a.BrowserStackPropertyTester - Testing : isBrowserStackEnabled
12:30:16.266 [main] INFO  c.b.BrowserStackPluginActivator - Prefs Keys []
12:30:16.268 [main] INFO  c.b.a.BrowserStackPropertyTester - Validation Result isBrowserStackEnabled : true P/tvsconnect-bangladesh
12:30:16.278 [main] INFO  c.b.a.BrowserStackPropertyTester - Testing : isBrowserStackDisabled
12:30:16.279 [main] INFO  c.b.BrowserStackPluginActivator - Prefs Keys []
12:30:16.282 [main] INFO  c.b.a.BrowserStackPropertyTester - Validation Result isBrowserStackDisabled : false P/tvsconnect-bangladesh
12:32:39.963 [main] INFO  c.b.a.BrowserStackPropertyTester - Testing : isBrowserStackEnabled
12:32:39.963 [main] INFO  c.b.BrowserStackPluginActivator - Prefs Keys []
12:32:39.965 [main] INFO  c.b.a.BrowserStackPropertyTester - Validation Result isBrowserStackEnabled : true P/tvsconnect-bangladesh
12:32:39.966 [main] INFO  c.b.a.BrowserStackPropertyTester - Testing : isBrowserStackDisabled
12:32:39.966 [main] INFO  c.b.BrowserStackPluginActivator - Prefs Keys []
12:32:39.968 [main] INFO  c.b.a.BrowserStackPropertyTester - Validation Result isBrowserStackDisabled : false P/tvsconnect-bangladesh
12:33:48.451 [main] INFO  c.b.a.BrowserStackPropertyTester - Testing : isBrowserStackEnabled
12:33:48.451 [main] INFO  c.b.BrowserStackPluginActivator - Prefs Keys []
12:33:48.454 [main] INFO  c.b.a.BrowserStackPropertyTester - Validation Result isBrowserStackEnabled : true P/tvsconnect-bangladesh
12:33:48.456 [main] INFO  c.b.a.BrowserStackPropertyTester - Testing : isBrowserStackDisabled
12:33:48.456 [main] INFO  c.b.BrowserStackPluginActivator - Prefs Keys []
12:33:48.459 [main] INFO  c.b.a.BrowserStackPropertyTester - Validation Result isBrowserStackDisabled : false P/tvsconnect-bangladesh
12:35:04.706 [Framework stop - Equinox Container: e3850a15-f162-41bc-9c04-c77e7f1a0461] INFO  c.b.BrowserStackPluginActivator - Stopping BrowserStack Plugin...
12:45:35.388 [main] INFO  c.b.launchers.LaunchMavenCommand - Executing maven archetype command - browserstack-sdk-archetype-integrate
12:45:35.413 [main] INFO  c.b.launchers.LaunchMavenCommand - The maven properties for launcher are [archetypeArtifactId=browserstack-sdk-archetype-integrate, BROWSERSTACK_ACCESS_KEY=YOUR_ACCESS_KEY, groupId=com.browserstack, BROWSERSTACK_APP=bs://sample.app, BROWSERSTACK_FRAMEWORK=java, version=1.0, PROJECT_NAME=BrowserStack Sample, archetypeVersion=1.4, archetypeGroupId=com.browserstack, artifactId=java-archetype-integrate, BROWSERSTACK_USERNAME=YOUR_USERNAME, BUILD_NAME=browserstack build, BROWSERSTACK_SOURCE=java:appium-eclipse:v1.0.8]
12:45:58.728 [main] INFO  c.b.a.BrowserStackPropertyTester - Testing : isBrowserStackEnabled
12:45:58.728 [main] INFO  c.b.BrowserStackPluginActivator - Prefs Keys [BROWSERSTACK_PLUGIN_ENABLED]
12:45:58.730 [main] INFO  c.b.a.BrowserStackPropertyTester - Validation Result isBrowserStackEnabled : true P/tvsconnect-bangladesh
12:45:58.732 [main] INFO  c.b.a.BrowserStackPropertyTester - Testing : isBrowserStackDisabled
12:45:58.732 [main] INFO  c.b.BrowserStackPluginActivator - Prefs Keys [BROWSERSTACK_PLUGIN_ENABLED]
12:45:58.734 [main] INFO  c.b.a.BrowserStackPropertyTester - Validation Result isBrowserStackDisabled : false P/tvsconnect-bangladesh
12:46:47.896 [main] INFO  c.b.a.BrowserStackPropertyTester - Testing : isBrowserStackEnabled
12:46:47.896 [main] INFO  c.b.BrowserStackPluginActivator - Prefs Keys [BROWSERSTACK_PLUGIN_ENABLED]
12:46:47.899 [main] INFO  c.b.a.BrowserStackPropertyTester - Validation Result isBrowserStackEnabled : true P/tvsconnect-bangladesh
12:46:47.900 [main] INFO  c.b.a.BrowserStackPropertyTester - Testing : isBrowserStackDisabled
12:46:47.900 [main] INFO  c.b.BrowserStackPluginActivator - Prefs Keys [BROWSERSTACK_PLUGIN_ENABLED]
12:46:47.902 [main] INFO  c.b.a.BrowserStackPropertyTester - Validation Result isBrowserStackDisabled : false P/tvsconnect-bangladesh
12:46:49.819 [main] INFO  c.b.a.BrowserStackPropertyTester - Testing : isBrowserStackEnabled
12:46:49.820 [main] INFO  c.b.BrowserStackPluginActivator - Prefs Keys [BROWSERSTACK_PLUGIN_ENABLED]
12:46:49.826 [main] INFO  c.b.a.BrowserStackPropertyTester - Validation Result isBrowserStackEnabled : true P/tvsconnect-bangladesh
12:46:49.829 [main] INFO  c.b.a.BrowserStackPropertyTester - Testing : isBrowserStackDisabled
12:46:49.830 [main] INFO  c.b.BrowserStackPluginActivator - Prefs Keys [BROWSERSTACK_PLUGIN_ENABLED]
12:46:49.835 [main] INFO  c.b.a.BrowserStackPropertyTester - Validation Result isBrowserStackDisabled : false P/tvsconnect-bangladesh
12:47:40.026 [main] INFO  c.b.a.BrowserStackPropertyTester - Testing : isBrowserStackEnabled
12:47:40.026 [main] INFO  c.b.BrowserStackPluginActivator - Prefs Keys [BROWSERSTACK_PLUGIN_ENABLED]
12:47:40.028 [main] INFO  c.b.a.BrowserStackPropertyTester - Validation Result isBrowserStackEnabled : true P/tvsconnect-bangladesh
12:47:40.029 [main] INFO  c.b.a.BrowserStackPropertyTester - Testing : isBrowserStackDisabled
12:47:40.030 [main] INFO  c.b.BrowserStackPluginActivator - Prefs Keys [BROWSERSTACK_PLUGIN_ENABLED]
12:47:40.031 [main] INFO  c.b.a.BrowserStackPropertyTester - Validation Result isBrowserStackDisabled : false P/tvsconnect-bangladesh
12:47:44.015 [main] INFO  c.b.a.BrowserStackPropertyTester - Testing : isBrowserStackEnabled
12:47:44.016 [main] INFO  c.b.BrowserStackPluginActivator - Prefs Keys [BROWSERSTACK_PLUGIN_ENABLED]
12:47:44.018 [main] INFO  c.b.a.BrowserStackPropertyTester - Validation Result isBrowserStackEnabled : true P/tvsconnect-bangladesh
12:47:44.019 [main] INFO  c.b.a.BrowserStackPropertyTester - Testing : isBrowserStackDisabled
12:47:44.020 [main] INFO  c.b.BrowserStackPluginActivator - Prefs Keys [BROWSERSTACK_PLUGIN_ENABLED]
12:47:44.022 [main] INFO  c.b.a.BrowserStackPropertyTester - Validation Result isBrowserStackDisabled : false P/tvsconnect-bangladesh
12:47:45.343 [main] INFO  c.b.a.BrowserStackPropertyTester - Testing : isBrowserStackEnabled
12:47:45.343 [main] INFO  c.b.BrowserStackPluginActivator - Prefs Keys [BROWSERSTACK_PLUGIN_ENABLED]
12:47:45.345 [main] INFO  c.b.a.BrowserStackPropertyTester - Validation Result isBrowserStackEnabled : true P/tvsconnect-bangladesh
12:47:45.346 [main] INFO  c.b.a.BrowserStackPropertyTester - Testing : isBrowserStackDisabled
12:47:45.347 [main] INFO  c.b.BrowserStackPluginActivator - Prefs Keys [BROWSERSTACK_PLUGIN_ENABLED]
12:47:45.349 [main] INFO  c.b.a.BrowserStackPropertyTester - Validation Result isBrowserStackDisabled : false P/tvsconnect-bangladesh
12:48:27.386 [main] INFO  c.b.a.BrowserStackPropertyTester - Testing : isBrowserStackEnabled
12:48:27.386 [main] INFO  c.b.BrowserStackPluginActivator - Prefs Keys [BROWSERSTACK_PLUGIN_ENABLED]
12:48:27.388 [main] INFO  c.b.a.BrowserStackPropertyTester - Validation Result isBrowserStackEnabled : true P/tvsconnect-bangladesh
12:48:27.388 [main] INFO  c.b.a.BrowserStackPropertyTester - Testing : isBrowserStackDisabled
12:48:27.389 [main] INFO  c.b.BrowserStackPluginActivator - Prefs Keys [BROWSERSTACK_PLUGIN_ENABLED]
12:48:27.391 [main] INFO  c.b.a.BrowserStackPropertyTester - Validation Result isBrowserStackDisabled : false P/tvsconnect-bangladesh
13:00:55.562 [Worker-58: Launching Bangladesh] INFO  c.b.BrowserStackPluginActivator - The previous launch removed.
13:00:55.565 [Worker-58: Launching Bangladesh] INFO  c.b.BrowserStackPluginActivator - Existing javaagentArgline (BROWSERSTACK_JAVAAGENT_ARGLINE) in plugin prefs is 
13:00:55.585 [Worker-58: Launching Bangladesh] INFO  c.b.BrowserStackPluginActivator - Prefs Keys [BROWSERSTACK_PLUGIN_ENABLED]
13:00:55.586 [Worker-58: Launching Bangladesh] INFO  c.b.BrowserStackPluginActivator - The environment variables for the launch configuration are {BROWSERSTACK_EXEC_SOURCE=eclipse/1.0.8}
13:01:24.701 [Worker-56: Launching Bangladesh] INFO  c.b.BrowserStackPluginActivator - The previous launch removed.
13:01:24.705 [Worker-56: Launching Bangladesh] INFO  c.b.BrowserStackPluginActivator - Existing javaagentArgline (BROWSERSTACK_JAVAAGENT_ARGLINE) in plugin prefs is 
13:01:24.708 [Worker-56: Launching Bangladesh] INFO  c.b.BrowserStackPluginActivator - Prefs Keys [BROWSERSTACK_PLUGIN_ENABLED]
13:01:24.709 [Worker-56: Launching Bangladesh] INFO  c.b.BrowserStackPluginActivator - The environment variables for the launch configuration are {BROWSERSTACK_EXEC_SOURCE=eclipse/1.0.8}
14:03:18.172 [Worker-63: Launching Bangladesh] INFO  c.b.BrowserStackPluginActivator - The previous launch removed.
14:03:18.173 [Worker-63: Launching Bangladesh] INFO  c.b.BrowserStackPluginActivator - Existing javaagentArgline (BROWSERSTACK_JAVAAGENT_ARGLINE) in plugin prefs is 
14:03:18.175 [Worker-63: Launching Bangladesh] INFO  c.b.BrowserStackPluginActivator - Prefs Keys [BROWSERSTACK_PLUGIN_ENABLED]
14:03:18.176 [Worker-63: Launching Bangladesh] INFO  c.b.BrowserStackPluginActivator - The environment variables for the launch configuration are {BROWSERSTACK_EXEC_SOURCE=eclipse/1.0.8}
14:04:26.146 [Worker-69: Launching Bangladesh] INFO  c.b.BrowserStackPluginActivator - The previous launch removed.
14:04:26.147 [Worker-69: Launching Bangladesh] INFO  c.b.BrowserStackPluginActivator - Existing javaagentArgline (BROWSERSTACK_JAVAAGENT_ARGLINE) in plugin prefs is 
14:04:26.150 [Worker-69: Launching Bangladesh] INFO  c.b.BrowserStackPluginActivator - Prefs Keys [BROWSERSTACK_PLUGIN_ENABLED]
14:04:26.151 [Worker-69: Launching Bangladesh] INFO  c.b.BrowserStackPluginActivator - The environment variables for the launch configuration are {BROWSERSTACK_EXEC_SOURCE=eclipse/1.0.8}
14:10:11.800 [Worker-73: Launching Bangladesh] INFO  c.b.BrowserStackPluginActivator - The previous launch removed.
14:10:11.801 [Worker-73: Launching Bangladesh] INFO  c.b.BrowserStackPluginActivator - Existing javaagentArgline (BROWSERSTACK_JAVAAGENT_ARGLINE) in plugin prefs is 
14:10:11.804 [Worker-73: Launching Bangladesh] INFO  c.b.BrowserStackPluginActivator - Prefs Keys [BROWSERSTACK_PLUGIN_ENABLED]
14:10:11.805 [Worker-73: Launching Bangladesh] INFO  c.b.BrowserStackPluginActivator - The environment variables for the launch configuration are {BROWSERSTACK_EXEC_SOURCE=eclipse/1.0.8}
14:10:27.458 [main] INFO  c.b.a.BrowserStackPropertyTester - Testing : isBrowserStackEnabled
14:10:27.458 [main] INFO  c.b.BrowserStackPluginActivator - Prefs Keys [BROWSERSTACK_PLUGIN_ENABLED]
14:10:27.459 [main] INFO  c.b.a.BrowserStackPropertyTester - Validation Result isBrowserStackEnabled : true P/tvsconnect-bangladesh
14:10:27.460 [main] INFO  c.b.a.BrowserStackPropertyTester - Testing : isBrowserStackDisabled
14:10:27.461 [main] INFO  c.b.BrowserStackPluginActivator - Prefs Keys [BROWSERSTACK_PLUGIN_ENABLED]
14:10:27.463 [main] INFO  c.b.a.BrowserStackPropertyTester - Validation Result isBrowserStackDisabled : false P/tvsconnect-bangladesh
14:10:30.293 [main] INFO  c.b.a.BrowserStackPropertyTester - Testing : isBrowserStackEnabled
14:10:30.294 [main] INFO  c.b.BrowserStackPluginActivator - Prefs Keys [BROWSERSTACK_PLUGIN_ENABLED]
14:10:30.297 [main] INFO  c.b.a.BrowserStackPropertyTester - Validation Result isBrowserStackEnabled : true P/tvsconnect-bangladesh
14:10:30.298 [main] INFO  c.b.a.BrowserStackPropertyTester - Testing : isBrowserStackDisabled
14:10:30.298 [main] INFO  c.b.BrowserStackPluginActivator - Prefs Keys [BROWSERSTACK_PLUGIN_ENABLED]
14:10:30.301 [main] INFO  c.b.a.BrowserStackPropertyTester - Validation Result isBrowserStackDisabled : false P/tvsconnect-bangladesh
14:42:31.085 [Worker-84: Launching Bangladesh] INFO  c.b.BrowserStackPluginActivator - The previous launch removed.
14:42:31.086 [Worker-84: Launching Bangladesh] INFO  c.b.BrowserStackPluginActivator - Existing javaagentArgline (BROWSERSTACK_JAVAAGENT_ARGLINE) in plugin prefs is 
14:42:31.088 [Worker-84: Launching Bangladesh] INFO  c.b.BrowserStackPluginActivator - Prefs Keys [BROWSERSTACK_PLUGIN_ENABLED]
14:42:31.089 [Worker-84: Launching Bangladesh] INFO  c.b.BrowserStackPluginActivator - The environment variables for the launch configuration are {BROWSERSTACK_EXEC_SOURCE=eclipse/1.0.8}
14:45:56.854 [Worker-86: Launching Bangladesh] INFO  c.b.BrowserStackPluginActivator - The previous launch removed.
14:45:56.856 [Worker-86: Launching Bangladesh] INFO  c.b.BrowserStackPluginActivator - Existing javaagentArgline (BROWSERSTACK_JAVAAGENT_ARGLINE) in plugin prefs is 
14:45:56.859 [Worker-86: Launching Bangladesh] INFO  c.b.BrowserStackPluginActivator - Prefs Keys [BROWSERSTACK_PLUGIN_ENABLED]
14:45:56.860 [Worker-86: Launching Bangladesh] INFO  c.b.BrowserStackPluginActivator - The environment variables for the launch configuration are {BROWSERSTACK_EXEC_SOURCE=eclipse/1.0.8}
14:46:54.821 [Worker-89: Launching Bangladesh] INFO  c.b.BrowserStackPluginActivator - The previous launch removed.
14:46:54.822 [Worker-89: Launching Bangladesh] INFO  c.b.BrowserStackPluginActivator - Existing javaagentArgline (BROWSERSTACK_JAVAAGENT_ARGLINE) in plugin prefs is 
14:46:54.825 [Worker-89: Launching Bangladesh] INFO  c.b.BrowserStackPluginActivator - Prefs Keys [BROWSERSTACK_PLUGIN_ENABLED]
14:46:54.826 [Worker-89: Launching Bangladesh] INFO  c.b.BrowserStackPluginActivator - The environment variables for the launch configuration are {BROWSERSTACK_EXEC_SOURCE=eclipse/1.0.8}
15:04:05.502 [Worker-88: Launching SriLanka] INFO  c.b.BrowserStackPluginActivator - The previous launch removed.
15:04:06.176 [Worker-88: Launching SriLanka] INFO  c.b.BrowserStackPluginActivator - The environment variables for the launch configuration are {}
15:04:51.009 [Worker-88: Launching SriLanka] INFO  c.b.BrowserStackPluginActivator - The previous launch removed.
15:04:51.010 [Worker-88: Launching SriLanka] INFO  c.b.BrowserStackPluginActivator - The environment variables for the launch configuration are {}
15:06:03.324 [Worker-90: Launching SriLanka] INFO  c.b.BrowserStackPluginActivator - The previous launch removed.
15:06:03.325 [Worker-90: Launching SriLanka] INFO  c.b.BrowserStackPluginActivator - The environment variables for the launch configuration are {}
15:06:51.613 [Worker-88: Launching SriLanka] INFO  c.b.BrowserStackPluginActivator - The previous launch removed.
15:06:51.614 [Worker-88: Launching SriLanka] INFO  c.b.BrowserStackPluginActivator - The environment variables for the launch configuration are {}
15:18:23.704 [Worker-87: Launching SriLanka] INFO  c.b.BrowserStackPluginActivator - The previous launch removed.
15:18:23.705 [Worker-87: Launching SriLanka] INFO  c.b.BrowserStackPluginActivator - The environment variables for the launch configuration are {}
15:18:38.953 [Worker-96: Launching Bangladesh] INFO  c.b.BrowserStackPluginActivator - The previous launch removed.
15:18:38.954 [Worker-96: Launching Bangladesh] INFO  c.b.BrowserStackPluginActivator - Existing javaagentArgline (BROWSERSTACK_JAVAAGENT_ARGLINE) in plugin prefs is 
15:18:38.957 [Worker-96: Launching Bangladesh] INFO  c.b.BrowserStackPluginActivator - Prefs Keys [BROWSERSTACK_PLUGIN_ENABLED]
15:18:38.959 [Worker-96: Launching Bangladesh] INFO  c.b.BrowserStackPluginActivator - The environment variables for the launch configuration are {BROWSERSTACK_EXEC_SOURCE=eclipse/1.0.8}
15:20:23.609 [Worker-87: Launching Bangladesh] INFO  c.b.BrowserStackPluginActivator - The previous launch removed.
15:20:23.610 [Worker-87: Launching Bangladesh] INFO  c.b.BrowserStackPluginActivator - Existing javaagentArgline (BROWSERSTACK_JAVAAGENT_ARGLINE) in plugin prefs is 
15:20:23.612 [Worker-87: Launching Bangladesh] INFO  c.b.BrowserStackPluginActivator - Prefs Keys [BROWSERSTACK_PLUGIN_ENABLED]
15:20:23.631 [Worker-87: Launching Bangladesh] INFO  c.b.BrowserStackPluginActivator - The environment variables for the launch configuration are {BROWSERSTACK_EXEC_SOURCE=eclipse/1.0.8}
15:38:53.049 [Worker-90: Launching Bangladesh] INFO  c.b.BrowserStackPluginActivator - The previous launch removed.
15:38:53.050 [Worker-90: Launching Bangladesh] INFO  c.b.BrowserStackPluginActivator - Existing javaagentArgline (BROWSERSTACK_JAVAAGENT_ARGLINE) in plugin prefs is 
15:38:53.052 [Worker-90: Launching Bangladesh] INFO  c.b.BrowserStackPluginActivator - Prefs Keys [BROWSERSTACK_PLUGIN_ENABLED]
15:38:53.053 [Worker-90: Launching Bangladesh] INFO  c.b.BrowserStackPluginActivator - The environment variables for the launch configuration are {BROWSERSTACK_EXEC_SOURCE=eclipse/1.0.8}
15:47:42.596 [Worker-90: Launching Bangladesh] INFO  c.b.BrowserStackPluginActivator - The previous launch removed.
15:47:42.597 [Worker-90: Launching Bangladesh] INFO  c.b.BrowserStackPluginActivator - Existing javaagentArgline (BROWSERSTACK_JAVAAGENT_ARGLINE) in plugin prefs is 
15:47:42.599 [Worker-90: Launching Bangladesh] INFO  c.b.BrowserStackPluginActivator - Prefs Keys [BROWSERSTACK_PLUGIN_ENABLED]
15:47:42.600 [Worker-90: Launching Bangladesh] INFO  c.b.BrowserStackPluginActivator - The environment variables for the launch configuration are {BROWSERSTACK_EXEC_SOURCE=eclipse/1.0.8}
16:14:07.470 [Worker-113: Launching Bangladesh] INFO  c.b.BrowserStackPluginActivator - The previous launch removed.
16:14:07.472 [Worker-113: Launching Bangladesh] INFO  c.b.BrowserStackPluginActivator - Existing javaagentArgline (BROWSERSTACK_JAVAAGENT_ARGLINE) in plugin prefs is 
16:14:07.473 [Worker-113: Launching Bangladesh] INFO  c.b.BrowserStackPluginActivator - Prefs Keys [BROWSERSTACK_PLUGIN_ENABLED]
16:14:07.474 [Worker-113: Launching Bangladesh] INFO  c.b.BrowserStackPluginActivator - The environment variables for the launch configuration are {BROWSERSTACK_EXEC_SOURCE=eclipse/1.0.8}
16:19:01.831 [Worker-113: Launching Bangladesh] INFO  c.b.BrowserStackPluginActivator - The previous launch removed.
16:19:01.832 [Worker-113: Launching Bangladesh] INFO  c.b.BrowserStackPluginActivator - Existing javaagentArgline (BROWSERSTACK_JAVAAGENT_ARGLINE) in plugin prefs is 
16:19:01.834 [Worker-113: Launching Bangladesh] INFO  c.b.BrowserStackPluginActivator - Prefs Keys [BROWSERSTACK_PLUGIN_ENABLED]
16:19:01.835 [Worker-113: Launching Bangladesh] INFO  c.b.BrowserStackPluginActivator - The environment variables for the launch configuration are {BROWSERSTACK_EXEC_SOURCE=eclipse/1.0.8}
16:23:41.881 [Worker-122: Launching Bangladesh] INFO  c.b.BrowserStackPluginActivator - The previous launch removed.
16:23:41.882 [Worker-122: Launching Bangladesh] INFO  c.b.BrowserStackPluginActivator - Existing javaagentArgline (BROWSERSTACK_JAVAAGENT_ARGLINE) in plugin prefs is 
16:23:41.885 [Worker-122: Launching Bangladesh] INFO  c.b.BrowserStackPluginActivator - Prefs Keys [BROWSERSTACK_PLUGIN_ENABLED]
16:23:41.886 [Worker-122: Launching Bangladesh] INFO  c.b.BrowserStackPluginActivator - The environment variables for the launch configuration are {BROWSERSTACK_EXEC_SOURCE=eclipse/1.0.8}
16:27:56.921 [Worker-124: Launching Bangladesh] INFO  c.b.BrowserStackPluginActivator - The previous launch removed.
16:27:56.922 [Worker-124: Launching Bangladesh] INFO  c.b.BrowserStackPluginActivator - Existing javaagentArgline (BROWSERSTACK_JAVAAGENT_ARGLINE) in plugin prefs is 
16:27:56.923 [Worker-124: Launching Bangladesh] INFO  c.b.BrowserStackPluginActivator - Prefs Keys [BROWSERSTACK_PLUGIN_ENABLED]
16:27:56.923 [Worker-124: Launching Bangladesh] INFO  c.b.BrowserStackPluginActivator - The environment variables for the launch configuration are {BROWSERSTACK_EXEC_SOURCE=eclipse/1.0.8}
16:32:37.859 [Worker-126: Launching Bangladesh] INFO  c.b.BrowserStackPluginActivator - The previous launch removed.
16:32:37.860 [Worker-126: Launching Bangladesh] INFO  c.b.BrowserStackPluginActivator - Existing javaagentArgline (BROWSERSTACK_JAVAAGENT_ARGLINE) in plugin prefs is 
16:32:37.863 [Worker-126: Launching Bangladesh] INFO  c.b.BrowserStackPluginActivator - Prefs Keys [BROWSERSTACK_PLUGIN_ENABLED]
16:32:37.863 [Worker-126: Launching Bangladesh] INFO  c.b.BrowserStackPluginActivator - The environment variables for the launch configuration are {BROWSERSTACK_EXEC_SOURCE=eclipse/1.0.8}
16:35:07.168 [Worker-129: Launching Bangladesh] INFO  c.b.BrowserStackPluginActivator - The previous launch removed.
16:35:07.169 [Worker-129: Launching Bangladesh] INFO  c.b.BrowserStackPluginActivator - Existing javaagentArgline (BROWSERSTACK_JAVAAGENT_ARGLINE) in plugin prefs is 
16:35:07.171 [Worker-129: Launching Bangladesh] INFO  c.b.BrowserStackPluginActivator - Prefs Keys [BROWSERSTACK_PLUGIN_ENABLED]
16:35:07.172 [Worker-129: Launching Bangladesh] INFO  c.b.BrowserStackPluginActivator - The environment variables for the launch configuration are {BROWSERSTACK_EXEC_SOURCE=eclipse/1.0.8}
16:39:54.760 [Worker-126: Launching Bangladesh] INFO  c.b.BrowserStackPluginActivator - Existing javaagentArgline (BROWSERSTACK_JAVAAGENT_ARGLINE) in plugin prefs is 
16:39:54.762 [Worker-126: Launching Bangladesh] INFO  c.b.BrowserStackPluginActivator - Prefs Keys [BROWSERSTACK_PLUGIN_ENABLED]
16:39:54.763 [Worker-126: Launching Bangladesh] INFO  c.b.BrowserStackPluginActivator - The environment variables for the launch configuration are {BROWSERSTACK_EXEC_SOURCE=eclipse/1.0.8}
16:42:56.258 [Worker-132: Launching Bangladesh] INFO  c.b.BrowserStackPluginActivator - The previous launch removed.
16:42:56.259 [Worker-132: Launching Bangladesh] INFO  c.b.BrowserStackPluginActivator - The previous launch removed.
16:42:56.260 [Worker-132: Launching Bangladesh] INFO  c.b.BrowserStackPluginActivator - Existing javaagentArgline (BROWSERSTACK_JAVAAGENT_ARGLINE) in plugin prefs is 
16:42:56.261 [Worker-132: Launching Bangladesh] INFO  c.b.BrowserStackPluginActivator - Prefs Keys [BROWSERSTACK_PLUGIN_ENABLED]
16:42:56.262 [Worker-132: Launching Bangladesh] INFO  c.b.BrowserStackPluginActivator - The environment variables for the launch configuration are {BROWSERSTACK_EXEC_SOURCE=eclipse/1.0.8}
16:45:06.786 [Worker-137: Launching Bangladesh] INFO  c.b.BrowserStackPluginActivator - The previous launch removed.
16:45:06.788 [Worker-137: Launching Bangladesh] INFO  c.b.BrowserStackPluginActivator - Existing javaagentArgline (BROWSERSTACK_JAVAAGENT_ARGLINE) in plugin prefs is 
16:45:06.790 [Worker-137: Launching Bangladesh] INFO  c.b.BrowserStackPluginActivator - Prefs Keys [BROWSERSTACK_PLUGIN_ENABLED]
16:45:06.791 [Worker-137: Launching Bangladesh] INFO  c.b.BrowserStackPluginActivator - The environment variables for the launch configuration are {BROWSERSTACK_EXEC_SOURCE=eclipse/1.0.8}
17:04:25.541 [Worker-145: Launching Bangladesh] INFO  c.b.BrowserStackPluginActivator - The previous launch removed.
17:04:25.542 [Worker-145: Launching Bangladesh] INFO  c.b.BrowserStackPluginActivator - Existing javaagentArgline (BROWSERSTACK_JAVAAGENT_ARGLINE) in plugin prefs is 
17:04:25.545 [Worker-145: Launching Bangladesh] INFO  c.b.BrowserStackPluginActivator - Prefs Keys [BROWSERSTACK_PLUGIN_ENABLED]
17:04:25.546 [Worker-145: Launching Bangladesh] INFO  c.b.BrowserStackPluginActivator - The environment variables for the launch configuration are {BROWSERSTACK_EXEC_SOURCE=eclipse/1.0.8}
18:38:50.523 [Framework stop - Equinox Container: b14ee96c-e38d-49fd-90f1-548b0d9312ed] INFO  c.b.BrowserStackPluginActivator - Stopping BrowserStack Plugin...
